<?xml version="1.0" encoding="UTF-8"?>
<!-- Generated by org.testng.reporters.JUnitReportReporter -->
<testsuite hostname="Qpros-kareemG" failures="0" tests="1" name="LoginTest" time="0.265" errors="0" timestamp="2024-06-11T09:50:17 AST" skipped="0">
  <testcase classname="LoginTest" name="login" time="0.265"/>
  <system-out/>
</testsuite> <!-- LoginTest -->
